[debug] [2025-02-16T22:47:01.608Z] ----------------------------------------------------------------------
[debug] [2025-02-16T22:47:01.610Z] Command:       /opt/homebrew/Cellar/node/23.7.0/bin/node /opt/homebrew/bin/firebase init hosting
[debug] [2025-02-16T22:47:01.610Z] CLI Version:   13.31.1
[debug] [2025-02-16T22:47:01.610Z] Platform:      darwin
[debug] [2025-02-16T22:47:01.610Z] Node Version:  v23.7.0
[debug] [2025-02-16T22:47:01.610Z] Time:          Sun Feb 16 2025 14:47:01 GMT-0800 (Pacific Standard Time)
[debug] [2025-02-16T22:47:01.610Z] ----------------------------------------------------------------------
[debug] 
[debug] [2025-02-16T22:47:01.612Z] > command requires scopes: ["email","openid","https://www.googleapis.com/auth/cloudplatformprojects.readonly","https://www.googleapis.com/auth/firebase","https://www.googleapis.com/auth/cloud-platform"]
[debug] [2025-02-16T22:47:01.613Z] > authorizing via signed-in user (steve@livehomier.com)
[info] 
     ######## #### ########  ######## ########     ###     ######  ########
     ##        ##  ##     ## ##       ##     ##  ##   ##  ##       ##
     ######    ##  ########  ######   ########  #########  ######  ######
     ##        ##  ##    ##  ##       ##     ## ##     ##       ## ##
     ##       #### ##     ## ######## ########  ##     ##  ######  ########

You're about to initialize a Firebase project in this directory:

  /Users/stevebrownell/Documents/GitHub/Homier

[info] 
=== Project Setup
[info] 
[info] First, let's associate this project directory with a Firebase project.
[info] You can create multiple project aliases by running firebase use --add, 
[info] but for now we'll just set up a default project.
[info] 
[debug] [2025-02-16T22:47:03.075Z] Checked if tokens are valid: true, expires at: 1739749561339
[debug] [2025-02-16T22:47:03.075Z] Checked if tokens are valid: true, expires at: 1739749561339
[debug] [2025-02-16T22:47:03.077Z] >>> [apiv2][query] GET https://firebase.googleapis.com/v1beta1/projects pageSize=100
[debug] [2025-02-16T22:47:03.408Z] <<< [apiv2][status] GET https://firebase.googleapis.com/v1beta1/projects 200
[debug] [2025-02-16T22:47:03.408Z] <<< [apiv2][body] GET https://firebase.googleapis.com/v1beta1/projects [omitted]
[info] i  Using project homier-6a199 (Homier) 
[info] 
=== Hosting Setup
[debug] [2025-02-16T22:47:04.671Z] Checked if tokens are valid: true, expires at: 1739749561339
[debug] [2025-02-16T22:47:04.671Z] Checked if tokens are valid: true, expires at: 1739749561339
[debug] [2025-02-16T22:47:04.671Z] >>> [apiv2][query] GET https://firebase.googleapis.com/v1beta1/projects/homier-6a199 [none]
[debug] [2025-02-16T22:47:04.829Z] <<< [apiv2][status] GET https://firebase.googleapis.com/v1beta1/projects/homier-6a199 200
[debug] [2025-02-16T22:47:04.830Z] <<< [apiv2][body] GET https://firebase.googleapis.com/v1beta1/projects/homier-6a199 {"projectId":"homier-6a199","projectNumber":"91216114847","displayName":"Homier","name":"projects/homier-6a199","resources":{"hostingSite":"homier-6a199"},"state":"ACTIVE","etag":"1_cf097f27-ed67-459d-b49b-37b469a8f9a1"}
[info] 
[info] Your public directory is the folder (relative to your project directory) that
[info] will contain Hosting assets to be uploaded with firebase deploy. If you
[info] have a build process for your assets, use your build's output directory.
[info] 
[debug] [2025-02-16T22:53:44.738Z] >>> [apiv2][query] GET https://www.gstatic.com/firebasejs/releases.json [none]
[debug] [2025-02-16T22:53:44.849Z] <<< [apiv2][status] GET https://www.gstatic.com/firebasejs/releases.json 200
[debug] [2025-02-16T22:53:44.850Z] <<< [apiv2][body] GET https://www.gstatic.com/firebasejs/releases.json {"current":{"version":"11.3.1","browserURL":"https://www.gstatic.com/firebasejs/11.3.1/firebase.js","packageURL":"https://www.gstatic.com/firebasejs/11.3.1/firebase.tgz"},"live":{"version":"11.3","browserURL":"https://www.gstatic.com/firebasejs/live/11.3/firebase.js","packageURL":"https://www.gstatic.com/firebasejs/live/11.3/firebase.tgz"},"components":{"analytics":"https://www.gstatic.com/firebasejs/11.3.1/firebase-analytics.js","app":"https://www.gstatic.com/firebasejs/11.3.1/firebase-app.js","app-check":"https://www.gstatic.com/firebasejs/11.3.1/firebase-app-check.js","auth":"https://www.gstatic.com/firebasejs/11.3.1/firebase-auth.js","auth/cordova":"https://www.gstatic.com/firebasejs/11.3.1/firebase-auth/cordova.js","auth/web-extension":"https://www.gstatic.com/firebasejs/11.3.1/firebase-auth/web-extension.js","functions":"https://www.gstatic.com/firebasejs/11.3.1/firebase-functions.js","firestore":"https://www.gstatic.com/firebasejs/11.3.1/firebase-firestore.js","firestore/lite":"https://www.gstatic.com/firebasejs/11.3.1/firebase-firestore/lite.js","installations":"https://www.gstatic.com/firebasejs/11.3.1/firebase-installations.js","storage":"https://www.gstatic.com/firebasejs/11.3.1/firebase-storage.js","performance":"https://www.gstatic.com/firebasejs/11.3.1/firebase-performance.js","remote-config":"https://www.gstatic.com/firebasejs/11.3.1/firebase-remote-config.js","messaging":"https://www.gstatic.com/firebasejs/11.3.1/firebase-messaging.js","messaging/sw":"https://www.gstatic.com/firebasejs/11.3.1/firebase-messaging/sw.js","database":"https://www.gstatic.com/firebasejs/11.3.1/firebase-database.js","vertexai":"https://www.gstatic.com/firebasejs/11.3.1/firebase-vertexai.js","data-connect":"https://www.gstatic.com/firebasejs/11.3.1/firebase-data-connect.js","firestore.memory":"https://www.gstatic.com/firebasejs/11.3.1/firebase-firestore.memory.js"}}
[info] ✔  Wrote out/index.html 
[info] 
[info] i  Detected a .git folder at /Users/stevebrownell/Documents/GitHub 
[info] i  Authorizing with GitHub to upload your service account to a GitHub repository's secrets store. 
[info] 
[info] Visit this URL on this device to log in:
[info] https://github.com/login/oauth/authorize?client_id=89cf50f02ac6aaed3484&state=976660790&redirect_uri=http%3A%2F%2Flocalhost%3A9005&scope=read%3Auser%20repo%20public_repo
[info] 
[info] Waiting for authentication...
[debug] [2025-02-16T22:53:57.499Z] >>> [apiv2][query] POST https://github.com/login/oauth/access_token [none]
[debug] [2025-02-16T22:53:57.500Z] >>> [apiv2][body] POST https://github.com/login/oauth/access_token [stream]
[debug] [2025-02-16T22:53:58.011Z] <<< [apiv2][status] POST https://github.com/login/oauth/access_token 200
[debug] [2025-02-16T22:53:58.012Z] <<< [apiv2][body] POST https://github.com/login/oauth/access_token {"access_token":"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","token_type":"bearer","scope":"read:user,repo"}
[debug] [2025-02-16T22:53:58.026Z] >>> [apiv2][query] GET https://api.github.com/user [none]
[debug] [2025-02-16T22:53:58.437Z] <<< [apiv2][status] GET https://api.github.com/user 200
[debug] [2025-02-16T22:53:58.438Z] <<< [apiv2][body] GET https://api.github.com/user {"login":"futant462","id":11861515,"node_id":"MDQ6VXNlcjExODYxNTE1","avatar_url":"https://avatars.githubusercontent.com/u/11861515?v=4","gravatar_id":"","url":"https://api.github.com/users/futant462","html_url":"https://github.com/futant462","followers_url":"https://api.github.com/users/futant462/followers","following_url":"https://api.github.com/users/futant462/following{/other_user}","gists_url":"https://api.github.com/users/futant462/gists{/gist_id}","starred_url":"https://api.github.com/users/futant462/starred{/owner}{/repo}","subscriptions_url":"https://api.github.com/users/futant462/subscriptions","organizations_url":"https://api.github.com/users/futant462/orgs","repos_url":"https://api.github.com/users/futant462/repos","events_url":"https://api.github.com/users/futant462/events{/privacy}","received_events_url":"https://api.github.com/users/futant462/received_events","type":"User","user_view_type":"private","site_admin":false,"name":"Stephen Brownell","company":null,"blog":"","location":"United States","email":null,"hireable":null,"bio":null,"twitter_username":null,"notification_email":null,"public_repos":3,"public_gists":0,"followers":0,"following":0,"created_at":"2015-04-08T22:17:38Z","updated_at":"2025-02-09T16:15:41Z","private_gists":0,"total_private_repos":2,"owned_private_repos":2,"disk_usage":279,"collaborators":0,"two_factor_authentication":false,"plan":{"name":"free","space":976562499,"collaborators":0,"private_repos":10000}}
[info] 
[info] ✔  Success! Logged into GitHub as futant462 
[info] 
